<?xml version="1.0" encoding="utf-8"?><testsuites name="pytest tests"><testsuite name="pytest" errors="0" failures="0" skipped="0" tests="6" time="64.470" timestamp="2026-09-18T14:12:41.844337+00:00" hostname="agent-env-fd525f34-7d18-4e54-805e-10a7efa0cc56"><testcase classname="tests.test_hotspots_discover.TestAuthGuards" name="test_no_token_returns_401" time="1.155" /><testcase classname="tests.test_hotspots_discover.TestAuthGuards" name="test_no_premium_returns_402" time="0.138" /><testcase classname="tests.test_hotspots_discover" name="test_discover_returns_real_landmark_images[dhaka]" time="21.499" /><testcase classname="tests.test_hotspots_discover" name="test_discover_returns_real_landmark_images[cairo]" time="21.336" /><testcase classname="tests.test_hotspots_discover" name="test_discover_returns_real_landmark_images[istanbul]" time="20.042" /><testcase classname="tests.test_hotspots_discover" name="test_cache_is_deterministic_for_dhaka" time="0.273" /></testsuite></testsuites>