<?xml version="1.0" encoding="utf-8"?><testsuites name="pytest tests"><testsuite name="pytest" errors="0" failures="0" skipped="0" tests="16" time="14.533" timestamp="2026-09-18T01:07:40.721792+00:00" hostname="agent-env-fd525f34-7d18-4e54-805e-10a7efa0cc56"><testcase classname="tests.test_guardtrip_backend.TestAuth" name="test_register_returns_jwt" time="0.436" /><testcase classname="tests.test_guardtrip_backend.TestAuth" name="test_login_same_user" time="0.455" /><testcase classname="tests.test_guardtrip_backend.TestAuth" name="test_me_returns_non_premium" time="0.080" /><testcase classname="tests.test_guardtrip_backend.TestPaywall" name="test_hotspots_without_premium_returns_402" time="0.069" /><testcase classname="tests.test_guardtrip_backend.TestSubscription" name="test_activate_month_sets_premium" time="0.091" /><testcase classname="tests.test_guardtrip_backend.TestHotspots" name="test_hotspots_paris_sorted_by_distance" time="0.074" /><testcase classname="tests.test_guardtrip_backend.TestHotspots" name="test_cities_returns_four" time="0.074" /><testcase classname="tests.test_guardtrip_backend.TestPartners" name="test_checkin_paris" time="0.072" /><testcase classname="tests.test_guardtrip_backend.TestPartners" name="test_partners_paris_female_returns_sofia_and_priya" time="0.095" /><testcase classname="tests.test_guardtrip_backend.TestChat" name="test_create_room_and_messaging" time="0.669" /><testcase classname="tests.test_guardtrip_backend.TestAI" name="test_ai_chat_returns_reply" time="7.981" /><testcase classname="tests.test_guardtrip_backend.TestAI" name="test_ai_history_has_messages" time="0.118" /><testcase classname="tests.test_guardtrip_backend.TestAlerts" name="test_create_alert" time="0.077" /><testcase classname="tests.test_guardtrip_backend.TestAlerts" name="test_list_alerts_paris_sorted_by_distance" time="0.088" /><testcase classname="tests.test_guardtrip_backend.TestOffline" name="test_offline_pack_paris" time="0.073" /><testcase classname="tests.test_guardtrip_backend.TestExpense" name="test_expense_predict_with_hotspot" time="4.030" /></testsuite></testsuites>